<?xml version="1.0" encoding="UTF-8"?>
<!-- Generated by org.testng.reporters.JUnitReportReporter -->
<testsuite hostname="DESKTOP-9U82QAM" failures="0" tests="1" name="TestCases.TestCase1" time="35.086" errors="0" timestamp="2025-01-29T23:53:17 IST" skipped="0">
  <testcase classname="TestCases.TestCase1" name="testCase1" time="35.086"/>
  <system-out/>
</testsuite> <!-- TestCases.TestCase1 -->
