<?xml version="1.0" encoding="UTF-8"?>
<!-- Generated by org.testng.reporters.JUnitReportReporter -->
<testsuite hostname="DESKTOP-9U82QAM" failures="0" tests="1" name="TestCases.TestCase1" time="27.160" errors="0" timestamp="2025-01-26T16:22:37 IST" skipped="0">
  <testcase classname="TestCases.TestCase1" name="testCase1" time="27.160"/>
  <system-out/>
</testsuite> <!-- TestCases.TestCase1 -->
